<?xml version="1.0" encoding="utf-8"?><testsuites name="pytest tests"><testsuite name="pytest" errors="0" failures="0" skipped="0" tests="20" time="15.194" timestamp="2026-08-29T18:37:37.991659+00:00" hostname="agent-env-51738d4b-4641-499e-83ba-9b8f52e66c14"><testcase classname="tests.test_ironmind_api.TestAuth" name="test_root" time="0.547" /><testcase classname="tests.test_ironmind_api.TestNutrition" name="test_analyze_photo" time="3.549" /><testcase classname="tests.test_ironmind_api.TestAuth" name="test_login_demo" time="0.302" /><testcase classname="tests.test_ironmind_api.TestAuth" name="test_login_wrong_password" time="0.304" /><testcase classname="tests.test_ironmind_api.TestAuth" name="test_me_requires_auth" time="0.088" /><testcase classname="tests.test_ironmind_api.TestAuth" name="test_me_with_token" time="0.504" /><testcase classname="tests.test_ironmind_api.TestAuth" name="test_register_and_login_new" time="0.483" /><testcase classname="tests.test_ironmind_api.TestAuth" name="test_register_duplicate" time="0.093" /><testcase classname="tests.test_ironmind_api.TestHabits" name="test_get_habits_default" time="0.367" /><testcase classname="tests.test_ironmind_api.TestHabits" name="test_upsert_habits_and_score_rises" time="0.756" /><testcase classname="tests.test_ironmind_api.TestSettings" name="test_get_settings" time="0.149" /><testcase classname="tests.test_ironmind_api.TestNutrition" name="test_list_nutrition_contains_meal" time="0.208" /><testcase classname="tests.test_ironmind_api.TestSettings" name="test_update_goals" time="0.359" /><testcase classname="tests.test_ironmind_api.TestNutrition" name="test_serve_file" time="0.531" /><testcase classname="tests.test_ironmind_api.TestIntervals" name="test_sync_without_key_returns_400" time="0.177" /><testcase classname="tests.test_ironmind_api.TestIntervals" name="test_workouts_empty_when_not_connected" time="0.149" /><testcase classname="tests.test_ironmind_api.TestDashboard" name="test_dashboard_shape" time="0.178" /><testcase classname="tests.test_ironmind_api.TestNutrition" name="test_delete_meal_soft" time="0.381" /><testcase classname="tests.test_ironmind_api.TestCoach" name="test_chat_returns_reply" time="9.994" /><testcase classname="tests.test_ironmind_api.TestCoach" name="test_history" time="0.193" /></testsuite></testsuites>